<?xml version="1.0" encoding="UTF-8"?>
<!-- Generated by org.testng.reporters.JUnitXMLReporter -->
<testsuite ignored="0" hostname="Santosh" failures="0" tests="3" name="Default test" time="21.026" errors="0" timestamp="2026-05-01T07:14:35 IST">
  <testcase classname="org.wipro.automation.auex.testcases.RegistrationScenario_DDF" name="tc02_validate_registration_functionality_valid_data" time="1.514"/>
  <testcase classname="org.wipro.automation.auex.testcases.RegistrationScenario_DDF" name="tc02_validate_registration_functionality_valid_data" time="1.543"/>
  <testcase classname="org.wipro.automation.auex.testcases.RegistrationScenario_DDF" name="tc02_validate_registration_functionality_valid_data" time="1.414"/>
</testsuite> <!-- Default test -->
