<?xml version="1.0" encoding="UTF-8"?>
<!-- Generated by org.testng.reporters.JUnitXMLReporter -->
<testsuite ignored="21" hostname="Santosh" failures="8" tests="9" name="Test(failed)(failed)" time="0.143" errors="0" timestamp="2026-04-09T07:13:56 IST">
  <testcase classname="testNGdemo.TestScenario7" name="third_testcase" time="0.016">
    <failure type="java.lang.AssertionError" message="expected [Amazon Sign-In] but found [Amazon Sign-in]">
      <![CDATA[java.lang.AssertionError: expected [Amazon Sign-In] but found [Amazon Sign-in]
at testNGdemo.TestScenario7.third_testcase(TestScenario7.java:25)
at java.base/java.util.ArrayList.forEach(ArrayList.java:1596)
... Removed 31 stack frames]]>
    </failure>
  </testcase> <!-- third_testcase -->
  <testcase classname="testNGdemo.TestScenario7" name="fifth_testcase" time="0.003">
    <failure type="java.lang.AssertionError" message="expected [Amazon Sign-In] but found [Amazon Sign-in]">
      <![CDATA[java.lang.AssertionError: expected [Amazon Sign-In] but found [Amazon Sign-in]
at testNGdemo.TestScenario7.fifth_testcase(TestScenario7.java:39)
at java.base/java.util.ArrayList.forEach(ArrayList.java:1596)
... Removed 31 stack frames]]>
    </failure>
  </testcase> <!-- fifth_testcase -->
  <testcase classname="testNGdemo.TestScenario4" name="registeration" time="0.003">
    <failure type="java.lang.AssertionError" message="expected [true] but found [false]">
      <![CDATA[java.lang.AssertionError: expected [true] but found [false]
at testNGdemo.TestScenario4.registeration(TestScenario4.java:26)
at java.base/java.util.ArrayList.forEach(ArrayList.java:1596)
... Removed 32 stack frames]]>
    </failure>
  </testcase> <!-- registeration -->
  <testcase classname="testNGdemo.TestScenario4" name="login" time="0.0">
    <skipped/>
  </testcase> <!-- login -->
  <testcase classname="testNGdemo.TestScenario5" name="third_testcase" time="0.003">
    <failure type="java.lang.AssertionError" message="expected [Amazon Sign-In] but found [Amazon Sign-in]">
      <![CDATA[java.lang.AssertionError: expected [Amazon Sign-In] but found [Amazon Sign-in]
at testNGdemo.TestScenario5.third_testcase(TestScenario5.java:28)
at java.base/java.util.ArrayList.forEach(ArrayList.java:1596)
... Removed 31 stack frames]]>
    </failure>
  </testcase> <!-- third_testcase -->
  <testcase classname="testNGdemo.TestScenario5" name="first_testcase" time="0.002">
    <failure type="java.lang.AssertionError" message="expected [Amazon Sign-In] but found [Amazon Sign-in]">
      <![CDATA[java.lang.AssertionError: expected [Amazon Sign-In] but found [Amazon Sign-in]
at testNGdemo.TestScenario5.first_testcase(TestScenario5.java:14)
at java.base/java.util.ArrayList.forEach(ArrayList.java:1596)
... Removed 31 stack frames]]>
    </failure>
  </testcase> <!-- first_testcase -->
  <testcase classname="testNGdemo.TestScenario6" name="first_testcase" time="0.006">
    <failure type="java.lang.AssertionError" message="expected [Hello World] but found [Hello]">
      <![CDATA[java.lang.AssertionError: expected [Hello World] but found [Hello]
at testNGdemo.TestScenario6.first_testcase(TestScenario6.java:32)
at java.base/java.util.ArrayList.forEach(ArrayList.java:1596)
... Removed 31 stack frames]]>
    </failure>
  </testcase> <!-- first_testcase -->
  <testcase classname="testNGdemo.TestScenario" name="first_testcase" time="0.002">
    <failure type="java.lang.AssertionError" message="expected [Amazon Sign-In] but found [Amazon Sign-in]">
      <![CDATA[java.lang.AssertionError: expected [Amazon Sign-In] but found [Amazon Sign-in]
at testNGdemo.TestScenario.first_testcase(TestScenario.java:14)
at java.base/java.util.ArrayList.forEach(ArrayList.java:1596)
... Removed 31 stack frames]]>
    </failure>
  </testcase> <!-- first_testcase -->
  <testcase classname="testNGdemo.TestScenario" name="fifth_testcase" time="0.001">
    <failure type="java.lang.AssertionError" message="expected [Amazon Sign-In] but found [Amazon Sign-in]">
      <![CDATA[java.lang.AssertionError: expected [Amazon Sign-In] but found [Amazon Sign-in]
at testNGdemo.TestScenario.fifth_testcase(TestScenario.java:41)
at java.base/java.util.ArrayList.forEach(ArrayList.java:1596)
... Removed 31 stack frames]]>
    </failure>
  </testcase> <!-- fifth_testcase -->
  <testcase classname="testNGdemo.TestScenario5" name="forth_testcase" time="0.0">
    <ignored/>
  </testcase> <!-- forth_testcase -->
  <testcase classname="testNGdemo.TestScenario4" name="second_testcase" time="0.0">
    <ignored/>
  </testcase> <!-- second_testcase -->
  <testcase classname="testNGdemo.TestScenario" name="second_testcase" time="0.0">
    <ignored/>
  </testcase> <!-- second_testcase -->
  <testcase classname="testNGdemo.TestScenario6" name="fifth_testcase" time="0.0">
    <ignored/>
  </testcase> <!-- fifth_testcase -->
  <testcase classname="testNGdemo.TestScenario7" name="forth_testcase" time="0.0">
    <ignored/>
  </testcase> <!-- forth_testcase -->
  <testcase classname="testNGdemo.TestScenario5" name="second_testcase" time="0.0">
    <ignored/>
  </testcase> <!-- second_testcase -->
  <testcase classname="testNGdemo.TestScenario6" name="second_testcase" time="0.0">
    <ignored/>
  </testcase> <!-- second_testcase -->
  <testcase classname="testNGdemo.TestScenario" name="sixth_testcase" time="0.0">
    <ignored/>
  </testcase> <!-- sixth_testcase -->
  <testcase classname="testNGdemo.TestScenario6" name="forth_testcase" time="0.0">
    <ignored/>
  </testcase> <!-- forth_testcase -->
  <testcase classname="testNGdemo.TestScenario4" name="sixth_testcase" time="0.0">
    <ignored/>
  </testcase> <!-- sixth_testcase -->
  <testcase classname="testNGdemo.TestScenario4" name="first_testcase" time="0.0">
    <ignored/>
  </testcase> <!-- first_testcase -->
  <testcase classname="testNGdemo.TestScenario6" name="sixth_testcase" time="0.0">
    <ignored/>
  </testcase> <!-- sixth_testcase -->
  <testcase classname="testNGdemo.TestScenario5" name="sixth_testcase" time="0.0">
    <ignored/>
  </testcase> <!-- sixth_testcase -->
  <testcase classname="testNGdemo.TestScenario4" name="fifth_testcase" time="0.0">
    <ignored/>
  </testcase> <!-- fifth_testcase -->
  <testcase classname="testNGdemo.TestScenario5" name="fifth_testcase" time="0.0">
    <ignored/>
  </testcase> <!-- fifth_testcase -->
  <testcase classname="testNGdemo.TestScenario" name="third_testcase" time="0.0">
    <ignored/>
  </testcase> <!-- third_testcase -->
  <testcase classname="testNGdemo.TestScenario7" name="sixth_testcase" time="0.0">
    <ignored/>
  </testcase> <!-- sixth_testcase -->
  <testcase classname="testNGdemo.TestScenario7" name="first_testcase" time="0.0">
    <ignored/>
  </testcase> <!-- first_testcase -->
  <testcase classname="testNGdemo.TestScenario" name="forth_testcase" time="0.0">
    <ignored/>
  </testcase> <!-- forth_testcase -->
  <testcase classname="testNGdemo.TestScenario7" name="second_testcase" time="0.0">
    <ignored/>
  </testcase> <!-- second_testcase -->
  <testcase classname="testNGdemo.TestScenario6" name="third_testcase" time="0.0">
    <ignored/>
  </testcase> <!-- third_testcase -->
</testsuite> <!-- Test(failed)(failed) -->
