<?xml version="1.0" encoding="UTF-8"?>
<!-- Generated by org.testng.reporters.JUnitXMLReporter -->
<testsuite ignored="2" hostname="Santosh" failures="7" tests="51" name="Test" time="20.386" errors="0" timestamp="2026-04-25T07:09:15 IST">
  <testcase classname="testNGdemo.TestScenario3" name="fifth_testcase" time="0.01"/>
  <testcase classname="testNGdemo.TestScenario3" name="first_testcase" time="0.005"/>
  <testcase classname="testNGdemo.TestScenario3" name="forth_testcase" time="0.005"/>
  <testcase classname="testNGdemo.TestScenario3" name="second_testcase" time="0.003"/>
  <testcase classname="testNGdemo.TestScenario3" name="sixth_testcase" time="0.002"/>
  <testcase classname="testNGdemo.TestScenario3" name="third_testcase" time="0.001"/>
  <testcase classname="testNGdemo.TestScenario2" name="sixth_testcase" time="0.003"/>
  <testcase classname="testNGdemo.TestScenario2" name="fifth_testcase" time="0.002"/>
  <testcase classname="testNGdemo.TestScenario2" name="forth_testcase" time="0.001"/>
  <testcase classname="testNGdemo.TestScenario2" name="third_testcase" time="0.003"/>
  <testcase classname="testNGdemo.TestScenario2" name="first_testcase" time="0.003"/>
  <testcase classname="testNGdemo.TestScenario2" name="second_testcase" time="0.003"/>
  <testcase classname="org.xyz.automation.WebElementsListDemo" name="webelements_list" time="5.982"/>
  <testcase classname="testNGdemo.TestScenario7" name="fifth_testcase" time="0.013">
    <failure type="java.lang.AssertionError" message="expected [Amazon Sign-In] but found [Amazon Sign-in]">
      <![CDATA[java.lang.AssertionError: expected [Amazon Sign-In] but found [Amazon Sign-in]
at testNGdemo.TestScenario7.fifth_testcase(TestScenario7.java:39)
at java.base/java.util.ArrayList.forEach(ArrayList.java:1596)
... Removed 31 stack frames]]>
    </failure>
  </testcase> <!-- fifth_testcase -->
  <testcase classname="testNGdemo.TestScenario7" name="first_testcase" time="0.003"/>
  <testcase classname="testNGdemo.TestScenario7" name="forth_testcase" time="0.002"/>
  <testcase classname="testNGdemo.TestScenario7" name="second_testcase" time="0.002"/>
  <testcase classname="testNGdemo.TestScenario7" name="sixth_testcase" time="0.001"/>
  <testcase classname="testNGdemo.TestScenario7" name="third_testcase" time="0.001">
    <failure type="java.lang.AssertionError" message="expected [Amazon Sign-In] but found [Amazon Sign-in]">
      <![CDATA[java.lang.AssertionError: expected [Amazon Sign-In] but found [Amazon Sign-in]
at testNGdemo.TestScenario7.third_testcase(TestScenario7.java:25)
at java.base/java.util.ArrayList.forEach(ArrayList.java:1596)
... Removed 31 stack frames]]>
    </failure>
  </testcase> <!-- third_testcase -->
  <testcase classname="testNGdemo.TestScenario6" name="fifth_testcase" time="0.001"/>
  <testcase classname="testNGdemo.TestScenario6" name="first_testcase" time="0.002">
    <failure type="java.lang.AssertionError" message="expected [Hello World] but found [Hello]">
      <![CDATA[java.lang.AssertionError: expected [Hello World] but found [Hello]
at testNGdemo.TestScenario6.first_testcase(TestScenario6.java:32)
at java.base/java.util.ArrayList.forEach(ArrayList.java:1596)
... Removed 31 stack frames]]>
    </failure>
  </testcase> <!-- first_testcase -->
  <testcase classname="testNGdemo.TestScenario6" name="forth_testcase" time="0.001"/>
  <testcase classname="testNGdemo.TestScenario6" name="second_testcase" time="0.002"/>
  <testcase classname="testNGdemo.TestScenario6" name="sixth_testcase" time="0.002"/>
  <testcase classname="testNGdemo.TestScenario6" name="third_testcase" time="0.002"/>
  <testcase classname="testNGdemo.TestScenario" name="fifth_testcase" time="0.001">
    <failure type="java.lang.AssertionError" message="expected [Amazon Sign-In] but found [Amazon Sign-in]">
      <![CDATA[java.lang.AssertionError: expected [Amazon Sign-In] but found [Amazon Sign-in]
at testNGdemo.TestScenario.fifth_testcase(TestScenario.java:41)
at java.base/java.util.ArrayList.forEach(ArrayList.java:1596)
... Removed 31 stack frames]]>
    </failure>
  </testcase> <!-- fifth_testcase -->
  <testcase classname="testNGdemo.TestScenario" name="first_testcase" time="0.002">
    <failure type="java.lang.AssertionError" message="expected [Amazon Sign-In] but found [Amazon Sign-in]">
      <![CDATA[java.lang.AssertionError: expected [Amazon Sign-In] but found [Amazon Sign-in]
at testNGdemo.TestScenario.first_testcase(TestScenario.java:14)
at java.base/java.util.ArrayList.forEach(ArrayList.java:1596)
... Removed 31 stack frames]]>
    </failure>
  </testcase> <!-- first_testcase -->
  <testcase classname="testNGdemo.TestScenario" name="forth_testcase" time="0.001"/>
  <testcase classname="testNGdemo.TestScenario" name="second_testcase" time="0.017"/>
  <testcase classname="testNGdemo.TestScenario" name="sixth_testcase" time="0.001"/>
  <testcase classname="testNGdemo.TestScenario" name="third_testcase" time="0.001"/>
  <testcase classname="testNGdemo.TestScenario5" name="fifth_testcase" time="0.001"/>
  <testcase classname="testNGdemo.TestScenario5" name="first_testcase" time="0.003">
    <failure type="java.lang.AssertionError" message="expected [Amazon Sign-In] but found [Amazon Sign-in]">
      <![CDATA[java.lang.AssertionError: expected [Amazon Sign-In] but found [Amazon Sign-in]
at testNGdemo.TestScenario5.first_testcase(TestScenario5.java:14)
at java.base/java.util.ArrayList.forEach(ArrayList.java:1596)
... Removed 31 stack frames]]>
    </failure>
  </testcase> <!-- first_testcase -->
  <testcase classname="testNGdemo.TestScenario5" name="forth_testcase" time="0.001"/>
  <testcase classname="testNGdemo.TestScenario5" name="second_testcase" time="0.001"/>
  <testcase classname="testNGdemo.TestScenario5" name="sixth_testcase" time="0.001"/>
  <testcase classname="testNGdemo.TestScenario5" name="third_testcase" time="0.001">
    <failure type="java.lang.AssertionError" message="expected [Amazon Sign-In] but found [Amazon Sign-in]">
      <![CDATA[java.lang.AssertionError: expected [Amazon Sign-In] but found [Amazon Sign-in]
at testNGdemo.TestScenario5.third_testcase(TestScenario5.java:28)
at java.base/java.util.ArrayList.forEach(ArrayList.java:1596)
... Removed 31 stack frames]]>
    </failure>
  </testcase> <!-- third_testcase -->
  <testcase classname="testNGdemo.TestScenario9" name="fifth_testcase" time="0.001"/>
  <testcase classname="testNGdemo.TestScenario9" name="first_testcase" time="0.001"/>
  <testcase classname="testNGdemo.TestScenario9" name="forth_testcase" time="0.002"/>
  <testcase classname="testNGdemo.TestScenario9" name="second_testcase" time="0.001"/>
  <testcase classname="testNGdemo.TestScenario9" name="sixth_testcase" time="0.001"/>
  <testcase classname="testNGdemo.TestScenario9" name="third_testcase" time="0.002"/>
  <testcase classname="org.xyz.automation.HandleKeyboardMouse" name="handleAlert" time="6.995"/>
  <testcase classname="org.xyz.automation.HandleKeyboardMouse" name="handleFrames" time="7.044"/>
  <testcase classname="testNGdemo.TestScenario8" name="fifth_testcase" time="0.001"/>
  <testcase classname="testNGdemo.TestScenario8" name="first_testcase" time="0.002"/>
  <testcase classname="testNGdemo.TestScenario8" name="forth_testcase" time="0.003"/>
  <testcase classname="testNGdemo.TestScenario8" name="second_testcase" time="0.002"/>
  <testcase classname="testNGdemo.TestScenario8" name="sixth_testcase" time="0.001"/>
  <testcase classname="testNGdemo.TestScenario8" name="third_testcase" time="0.001"/>
  <testcase classname="org.xyz.automation.HandleKeyboardMouse" name="handleMouse" time="0.0">
    <ignored/>
  </testcase> <!-- handleMouse -->
  <testcase classname="org.xyz.automation.HandleKeyboardMouse" name="handleKeyboard" time="0.0">
    <ignored/>
  </testcase> <!-- handleKeyboard -->
</testsuite> <!-- Test -->
