<?xml version="1.0" encoding="UTF-8"?>
<testng-results ignored="0" total="3" passed="3" failed="0" skipped="0">
  <reporter-output>
  </reporter-output>
  <suite started-at="2026-05-01T07:14:14 IST" name="Default suite" finished-at="2026-05-01T07:14:35 IST" duration-ms="21026">
    <groups>
    </groups>
    <test started-at="2026-05-01T07:14:14 IST" name="Default test" finished-at="2026-05-01T07:14:35 IST" duration-ms="21026">
      <class name="org.wipro.automation.auex.testcases.RegistrationScenario_DDF">
        <test-method is-config="true" signature="launchBrowser()[pri:0, instance:org.wipro.automation.auex.testcases.RegistrationScenario_DDF@45752059]" started-at="2026-05-01T07:14:14 IST" name="launchBrowser" finished-at="2026-05-01T07:14:20 IST" duration-ms="6202" status="PASS">
          <reporter-output>
          </reporter-output>
        </test-method> <!-- launchBrowser -->
        <test-method signature="tc02_validate_registration_functionality_valid_data(java.lang.String,java.lang.String,java.lang.String)[pri:0, instance:org.wipro.automation.auex.testcases.RegistrationScenario_DDF@45752059]" started-at="2026-05-01T07:14:20 IST" name="tc02_validate_registration_functionality_valid_data" data-provider="register" finished-at="2026-05-01T07:14:22 IST" duration-ms="1514" status="PASS">
          <params>
            <param index="0">
              <value>
                <![CDATA[John Lee]]>
              </value>
            </param>
            <param index="1">
              <value>
                <![CDATA[it_john]]>
              </value>
            </param>
            <param index="2">
              <value>
                <![CDATA[15]]>
              </value>
            </param>
          </params>
          <reporter-output>
          </reporter-output>
        </test-method> <!-- tc02_validate_registration_functionality_valid_data -->
        <test-method is-config="true" signature="closeBrowser()[pri:0, instance:org.wipro.automation.auex.testcases.RegistrationScenario_DDF@45752059]" started-at="2026-05-01T07:14:22 IST" name="closeBrowser" finished-at="2026-05-01T07:14:22 IST" duration-ms="9" status="PASS">
          <reporter-output>
          </reporter-output>
        </test-method> <!-- closeBrowser -->
        <test-method is-config="true" signature="launchBrowser()[pri:0, instance:org.wipro.automation.auex.testcases.RegistrationScenario_DDF@45752059]" started-at="2026-05-01T07:14:22 IST" name="launchBrowser" finished-at="2026-05-01T07:14:27 IST" duration-ms="5260" status="PASS">
          <reporter-output>
          </reporter-output>
        </test-method> <!-- launchBrowser -->
        <test-method signature="tc02_validate_registration_functionality_valid_data(java.lang.String,java.lang.String,java.lang.String)[pri:0, instance:org.wipro.automation.auex.testcases.RegistrationScenario_DDF@45752059]" started-at="2026-05-01T07:14:27 IST" name="tc02_validate_registration_functionality_valid_data" data-provider="register" finished-at="2026-05-01T07:14:28 IST" duration-ms="1543" status="PASS">
          <params>
            <param index="0">
              <value>
                <![CDATA[David Lee]]>
              </value>
            </param>
            <param index="1">
              <value>
                <![CDATA[it_david]]>
              </value>
            </param>
            <param index="2">
              <value>
                <![CDATA[16]]>
              </value>
            </param>
          </params>
          <reporter-output>
          </reporter-output>
        </test-method> <!-- tc02_validate_registration_functionality_valid_data -->
        <test-method is-config="true" signature="closeBrowser()[pri:0, instance:org.wipro.automation.auex.testcases.RegistrationScenario_DDF@45752059]" started-at="2026-05-01T07:14:28 IST" name="closeBrowser" finished-at="2026-05-01T07:14:28 IST" duration-ms="0" status="PASS">
          <reporter-output>
          </reporter-output>
        </test-method> <!-- closeBrowser -->
        <test-method is-config="true" signature="launchBrowser()[pri:0, instance:org.wipro.automation.auex.testcases.RegistrationScenario_DDF@45752059]" started-at="2026-05-01T07:14:28 IST" name="launchBrowser" finished-at="2026-05-01T07:14:33 IST" duration-ms="4954" status="PASS">
          <reporter-output>
          </reporter-output>
        </test-method> <!-- launchBrowser -->
        <test-method signature="tc02_validate_registration_functionality_valid_data(java.lang.String,java.lang.String,java.lang.String)[pri:0, instance:org.wipro.automation.auex.testcases.RegistrationScenario_DDF@45752059]" started-at="2026-05-01T07:14:33 IST" name="tc02_validate_registration_functionality_valid_data" data-provider="register" finished-at="2026-05-01T07:14:35 IST" duration-ms="1414" status="PASS">
          <params>
            <param index="0">
              <value>
                <![CDATA[Neena Lee]]>
              </value>
            </param>
            <param index="1">
              <value>
                <![CDATA[it_Neena]]>
              </value>
            </param>
            <param index="2">
              <value>
                <![CDATA[17]]>
              </value>
            </param>
          </params>
          <reporter-output>
          </reporter-output>
        </test-method> <!-- tc02_validate_registration_functionality_valid_data -->
        <test-method is-config="true" signature="closeBrowser()[pri:0, instance:org.wipro.automation.auex.testcases.RegistrationScenario_DDF@45752059]" started-at="2026-05-01T07:14:35 IST" name="closeBrowser" finished-at="2026-05-01T07:14:35 IST" duration-ms="1" status="PASS">
          <reporter-output>
          </reporter-output>
        </test-method> <!-- closeBrowser -->
      </class> <!-- org.wipro.automation.auex.testcases.RegistrationScenario_DDF -->
    </test> <!-- Default test -->
  </suite> <!-- Default suite -->
</testng-results>
