<?xml version="1.0" encoding="UTF-8"?>
<testng-results ignored="0" total="1" passed="1" failed="0" skipped="0">
  <reporter-output>
  </reporter-output>
  <suite started-at="2026-05-02T07:19:58 IST" name="Default suite" finished-at="2026-05-02T07:20:57 IST" duration-ms="59430">
    <groups>
    </groups>
    <test started-at="2026-05-02T07:19:58 IST" name="Default test" finished-at="2026-05-02T07:20:57 IST" duration-ms="59430">
      <class name="org.wipro.automation.auex.testcases.ProductScenario">
        <test-method is-config="true" signature="launchBrowser()[pri:0, instance:org.wipro.automation.auex.testcases.ProductScenario@45752059]" started-at="2026-05-02T07:19:58 IST" name="launchBrowser" finished-at="2026-05-02T07:20:07 IST" duration-ms="9560" status="PASS">
          <reporter-output>
          </reporter-output>
        </test-method> <!-- launchBrowser -->
        <test-method signature="test_Case_9_Search_Product()[pri:0, instance:org.wipro.automation.auex.testcases.ProductScenario@45752059]" started-at="2026-05-02T07:20:07 IST" name="test_Case_9_Search_Product" finished-at="2026-05-02T07:20:57 IST" duration-ms="49820" status="PASS">
          <reporter-output>
          </reporter-output>
        </test-method> <!-- test_Case_9_Search_Product -->
        <test-method is-config="true" signature="closeBrowser()[pri:0, instance:org.wipro.automation.auex.testcases.ProductScenario@45752059]" started-at="2026-05-02T07:20:57 IST" name="closeBrowser" finished-at="2026-05-02T07:20:57 IST" duration-ms="2" status="PASS">
          <reporter-output>
          </reporter-output>
        </test-method> <!-- closeBrowser -->
      </class> <!-- org.wipro.automation.auex.testcases.ProductScenario -->
    </test> <!-- Default test -->
  </suite> <!-- Default suite -->
</testng-results>
