<?xml version="1.0" encoding="UTF-8"?>
<!-- Generated by org.testng.reporters.JUnitReportReporter -->
<testsuite hostname="Santosh" failures="0" tests="2" name="org.xyz.automation.FirstAutomation" time="9.165" errors="0" timestamp="2026-04-16T07:29:03 IST" skipped="0">
  <testcase classname="org.xyz.automation.FirstAutomation" name="validate_login_functionality" time="4.937"/>
  <testcase classname="org.xyz.automation.FirstAutomation" name="validate_registretion_functionality" time="4.228"/>
</testsuite> <!-- org.xyz.automation.FirstAutomation -->
