<?xml version="1.0" encoding="UTF-8"?>
<!-- Generated by org.testng.reporters.JUnitReportReporter -->
<testsuite hostname="Santosh" failures="0" tests="1" name="org.wipro.automation.auex.testcases.LoginScenario" time="6.697" errors="0" timestamp="2026-04-29T07:08:23 IST" skipped="0">
  <testcase classname="org.wipro.automation.auex.testcases.LoginScenario" name="tc01_validate_login_functionality_valid_credential" time="6.697"/>
</testsuite> <!-- org.wipro.automation.auex.testcases.LoginScenario -->
