<?xml version="1.0" encoding="UTF-8"?>
<!-- Generated by org.testng.reporters.JUnitReportReporter -->
<testsuite hostname="Santosh" failures="0" tests="1" name="org.wipro.automation.auex.testcases.RegistrationScenario" time="8.874" errors="0" timestamp="2026-04-29T07:23:01 IST" skipped="0">
  <testcase classname="org.wipro.automation.auex.testcases.RegistrationScenario" name="tc02_validate_registration_functionality_valid_data" time="8.874"/>
</testsuite> <!-- org.wipro.automation.auex.testcases.RegistrationScenario -->
