<?xml version="1.0" encoding="UTF-8"?>
<!-- Generated by org.testng.reporters.JUnitReportReporter -->
<testsuite hostname="Santosh" failures="0" tests="3" name="org.wipro.automation.auex.testcases.LoginScenario_DDF" time="22.628" errors="0" timestamp="2026-05-01T07:02:29 IST" skipped="0">
  <testcase classname="org.wipro.automation.auex.testcases.LoginScenario_DDF" name="tc01_validate_login_functionality_valid_credential" time="10.606"/>
  <testcase classname="org.wipro.automation.auex.testcases.LoginScenario_DDF" name="tc01_validate_login_functionality_valid_credential" time="5.407"/>
  <testcase classname="org.wipro.automation.auex.testcases.LoginScenario_DDF" name="tc01_validate_login_functionality_valid_credential" time="6.615"/>
</testsuite> <!-- org.wipro.automation.auex.testcases.LoginScenario_DDF -->
