<?xml version="1.0" encoding="UTF-8"?>
<!-- Generated by org.testng.reporters.JUnitReportReporter -->
<testsuite hostname="Santosh" failures="0" tests="6" name="testNGdemo.TestScenario8" time="0.010" errors="0" timestamp="2026-04-25T07:09:16 IST" skipped="0">
  <testcase classname="testNGdemo.TestScenario8" name="fifth_testcase" time="0.001"/>
  <testcase classname="testNGdemo.TestScenario8" name="forth_testcase" time="0.003"/>
  <testcase classname="testNGdemo.TestScenario8" name="sixth_testcase" time="0.001"/>
  <testcase classname="testNGdemo.TestScenario8" name="first_testcase" time="0.002"/>
  <testcase classname="testNGdemo.TestScenario8" name="third_testcase" time="0.001"/>
  <testcase classname="testNGdemo.TestScenario8" name="second_testcase" time="0.002"/>
</testsuite> <!-- testNGdemo.TestScenario8 -->
