<?xml version="1.0" encoding="UTF-8"?>
<!-- Generated by org.testng.reporters.JUnitReportReporter -->
<testsuite hostname="Santosh" failures="0" tests="6" name="testNGdemo.TestScenario10" time="0.015" errors="0" timestamp="2026-04-09T07:25:04 IST" skipped="0">
  <testcase classname="testNGdemo.TestScenario10" name="first_testcase" time="0.002"/>
  <testcase classname="testNGdemo.TestScenario10" name="forth_testcase" time="0.002"/>
  <testcase classname="testNGdemo.TestScenario10" name="fifth_testcase" time="0.003"/>
  <testcase classname="testNGdemo.TestScenario10" name="third_testcase" time="0.003"/>
  <testcase classname="testNGdemo.TestScenario10" name="sixth_testcase" time="0.002"/>
  <testcase classname="testNGdemo.TestScenario10" name="second_testcase" time="0.003"/>
</testsuite> <!-- testNGdemo.TestScenario10 -->
