<?xml version="1.0" encoding="UTF-8"?>
<!-- Generated by org.testng.reporters.JUnitReportReporter -->
<testsuite hostname="Santosh" failures="0" tests="4" name="org.xyz.automation.HandleKeyboardMouse" time="14.039" errors="0" timestamp="2026-04-25T07:09:16 IST" skipped="2">
  <testcase classname="org.xyz.automation.HandleKeyboardMouse" name="handleFrames" time="7.044"/>
  <testcase classname="org.xyz.automation.HandleKeyboardMouse" name="handleAlert" time="6.995"/>
  <testcase classname="org.xyz.automation.HandleKeyboardMouse" name="handleMouse">
    <skipped/>
  </testcase> <!-- handleMouse -->
  <testcase classname="org.xyz.automation.HandleKeyboardMouse" name="handleKeyboard">
    <skipped/>
  </testcase> <!-- handleKeyboard -->
</testsuite> <!-- org.xyz.automation.HandleKeyboardMouse -->
