<?xml version="1.0" encoding="UTF-8"?>
<!-- Generated by org.testng.reporters.JUnitReportReporter -->
<testsuite hostname="Santosh" failures="0" tests="3" name="org.wipro.automation.auex.testcases.RegistrationScenario_DDF" time="20.897" errors="0" timestamp="2026-05-01T07:14:35 IST" skipped="0">
  <testcase classname="org.wipro.automation.auex.testcases.RegistrationScenario_DDF" name="tc02_validate_registration_functionality_valid_data" time="7.745"/>
  <testcase classname="org.wipro.automation.auex.testcases.RegistrationScenario_DDF" name="tc02_validate_registration_functionality_valid_data" time="6.683"/>
  <testcase classname="org.wipro.automation.auex.testcases.RegistrationScenario_DDF" name="tc02_validate_registration_functionality_valid_data" time="6.469"/>
</testsuite> <!-- org.wipro.automation.auex.testcases.RegistrationScenario_DDF -->
