<?xml version="1.0" encoding="UTF-8"?>
<!-- Generated by org.testng.reporters.JUnitReportReporter -->
<testsuite hostname="Santosh" failures="0" tests="1" name="org.wipro.automation.auex.testcases.LoginScenario_PF" time="6.549" errors="0" timestamp="2026-05-01T06:50:58 IST" skipped="0">
  <testcase classname="org.wipro.automation.auex.testcases.LoginScenario_PF" name="tc01_validate_login_functionality_valid_credential" time="6.549"/>
</testsuite> <!-- org.wipro.automation.auex.testcases.LoginScenario_PF -->
