<?xml version="1.0" encoding="UTF-8"?>
<!-- Generated by org.testng.reporters.JUnitReportReporter -->
<testsuite hostname="Santosh" failures="0" tests="2" name="org.xyz.automation.FetchDataRuntime" time="8.160" errors="0" timestamp="2026-04-22T06:59:00 IST" skipped="1">
  <testcase classname="org.xyz.automation.FetchDataRuntime" name="login_fetch_element_state" time="8.160"/>
  <testcase classname="org.xyz.automation.FetchDataRuntime" name="webelements_list">
    <skipped/>
  </testcase> <!-- webelements_list -->
</testsuite> <!-- org.xyz.automation.FetchDataRuntime -->
